<?xml version="1.0" encoding="UTF-8"?>
<testsuite xmlns:xsi="http://www.w3.org/2001/XMLSchema-instance" xsi:schemaLocation="https://maven.apache.org/surefire/maven-surefire-plugin/xsd/surefire-test-report.xsd" name="com.example.project.cucumberTests.CucumberIntgTest" time="3.679" tests="5" errors="0" skipped="0" failures="0">
  <properties>
    <property name="JOB_NAME" value="SubscriptionProject"/>
    <property name="java.vendor" value="Oracle Corporation"/>
    <property name="RUN_TESTS_DISPLAY_URL" value="http://localhost:8080/job/SubscriptionProject/6/display/redirect?page=tests"/>
    <property name="sun.java.launcher" value="SUN_STANDARD"/>
    <property name="sun.management.compiler" value="HotSpot 64-Bit Tiered Compilers"/>
    <property name="JENKINS_HOME" value="/Users/humahmed1/.jenkins"/>
    <property name="PATH" value="/usr/bin:/bin:/usr/sbin:/sbin"/>
    <property name="HUDSON_SERVER_COOKIE" value="f0022d5a94446ba4"/>
    <property name="POM_ARTIFACTID" value="project"/>
    <property name="os.name" value="Mac OS X"/>
    <property name="EXECUTOR_NUMBER" value="1"/>
    <property name="java.vm.specification.vendor" value="Oracle Corporation"/>
    <property name="POM_DISPLAYNAME" value="project"/>
    <property name="NODE_LABELS" value="master"/>
    <property name="java.runtime.version" value="15.0.1+9-18"/>
    <property name="user.name" value="humahmed1"/>
    <property name="guice.disable.misplaced.annotation.check" value="true"/>
    <property name="user.language" value="en"/>
    <property name="JOB_BASE_NAME" value="SubscriptionProject"/>
    <property name="RUN_CHANGES_DISPLAY_URL" value="http://localhost:8080/job/SubscriptionProject/6/display/redirect?page=changes"/>
    <property name="BUILD_DISPLAY_NAME" value="#6"/>
    <property name="TMPDIR" value="/var/folders/j9/j9jhq7216h77v3z8pf8szxz40000gn/T/"/>
    <property name="sun.boot.library.path" value="/Users/humahmed1/Library/Java/JavaVirtualMachines/openjdk-15.0.1/Contents/Home/lib"/>
    <property name="GIT_PREVIOUS_SUCCESSFUL_COMMIT" value="77316151b6148ceebc68d3460f5aba103448593f"/>
    <property name="java.vm.compressedOopsMode" value="Zero based"/>
    <property name="java.version" value="15.0.1"/>
    <property name="XPC_FLAGS" value="0x0"/>
    <property name="user.timezone" value="Europe/London"/>
    <property name="sun.arch.data.model" value="64"/>
    <property name="NODE_NAME" value="master"/>
    <property name="http.nonProxyHosts" value="local|*.local|169.254/16|*.169.254/16"/>
    <property name="BUILD_ID" value="6"/>
    <property name="sun.jnu.encoding" value="UTF-8"/>
    <property name="SHELL" value="/bin/zsh"/>
    <property name="file.separator" value="/"/>
    <property name="java.specification.name" value="Java Platform API Specification"/>
    <property name="maven.conf" value="/Users/humahmed1/.jenkins/tools/hudson.tasks.Maven_MavenInstallation/3.6.3/conf"/>
    <property name="java.class.version" value="59.0"/>
    <property name="org.slf4j.simpleLogger.defaultLogLevel" value="info"/>
    <property name="user.country" value="GB"/>
    <property name="java.home" value="/Users/humahmed1/Library/Java/JavaVirtualMachines/openjdk-15.0.1/Contents/Home"/>
    <property name="java.vm.info" value="mixed mode, sharing"/>
    <property name="os.version" value="10.15.7"/>
    <property name="RUN_DISPLAY_URL" value="http://localhost:8080/job/SubscriptionProject/6/display/redirect"/>
    <property name="POM_VERSION" value="0.0.1-SNAPSHOT"/>
    <property name="sun.font.fontmanager" value="sun.font.CFontManager"/>
    <property name="path.separator" value=":"/>
    <property name="RUN_ARTIFACTS_DISPLAY_URL" value="http://localhost:8080/job/SubscriptionProject/6/display/redirect?page=artifacts"/>
    <property name="java.vm.version" value="15.0.1+9-18"/>
    <property name="GIT_PREVIOUS_COMMIT" value="f63b39eb1051c9d1e3d4a17e849f683efa226388"/>
    <property name="JOB_DISPLAY_URL" value="http://localhost:8080/job/SubscriptionProject/display/redirect"/>
    <property name="sun.io.unicode.encoding" value="UnicodeBig"/>
    <property name="LOGNAME" value="humahmed1"/>
    <property name="POM_PACKAGING" value="jar"/>
    <property name="socksNonProxyHosts" value="local|*.local|169.254/16|*.169.254/16"/>
    <property name="HOME" value="/Users/humahmed1"/>
    <property name="ftp.nonProxyHosts" value="local|*.local|169.254/16|*.169.254/16"/>
    <property name="POM_GROUPID" value="com.example"/>
    <property name="user.home" value="/Users/humahmed1"/>
    <property name="BUILD_TAG" value="jenkins-SubscriptionProject-6"/>
    <property name="JENKINS_SERVER_COOKIE" value="f0022d5a94446ba4"/>
    <property name="XPC_SERVICE_NAME" value="homebrew.mxcl.jenkins-lts"/>
    <property name="HUDSON_URL" value="http://localhost:8080/"/>
    <property name="java.version.date" value="2020-10-20"/>
    <property name="java.specification.vendor" value="Oracle Corporation"/>
    <property name="CLASSPATH" value=""/>
    <property name="java.library.path" value="/Users/humahmed1/Library/Java/Extensions:/Library/Java/Extensions:/Network/Library/Java/Extensions:/System/Library/Java/Extensions:/usr/lib/java:."/>
    <property name="java.vendor.url" value="https://java.oracle.com/"/>
    <property name="java.vm.vendor" value="Oracle Corporation"/>
    <property name="java.runtime.name" value="OpenJDK Runtime Environment"/>
    <property name="maven.home" value="/Users/humahmed1/.jenkins/tools/hudson.tasks.Maven_MavenInstallation/3.6.3"/>
    <property name="sun.java.command" value="jenkins.maven3.agent.Maven35Main /Users/humahmed1/.jenkins/tools/hudson.tasks.Maven_MavenInstallation/3.6.3 /Users/humahmed1/.jenkins/war/WEB-INF/lib/remoting-4.5.jar /Users/humahmed1/.jenkins/plugins/maven-plugin/WEB-INF/lib/maven35-interceptor-1.13.jar /Users/humahmed1/.jenkins/plugins/maven-plugin/WEB-INF/lib/maven3-interceptor-commons-1.13.jar 51818"/>
    <property name="java.class.path" value="/Users/humahmed1/.jenkins/plugins/maven-plugin/WEB-INF/lib/maven35-agent-1.13.jar:/Users/humahmed1/.jenkins/tools/hudson.tasks.Maven_MavenInstallation/3.6.3/boot/plexus-classworlds-2.6.0.jar:/Users/humahmed1/.jenkins/tools/hudson.tasks.Maven_MavenInstallation/3.6.3/conf/logging"/>
    <property name="JAVA_MAIN_CLASS_12339" value="Main"/>
    <property name="jdk.debug" value="release"/>
    <property name="java.vm.specification.name" value="Java Virtual Machine Specification"/>
    <property name="java.vm.specification.version" value="15"/>
    <property name="M2_HOME" value="/Users/humahmed1/.jenkins/tools/hudson.tasks.Maven_MavenInstallation/3.6.3"/>
    <property name="sun.cpu.endian" value="little"/>
    <property name="java.io.tmpdir" value="/var/folders/j9/j9jhq7216h77v3z8pf8szxz40000gn/T/"/>
    <property name="HUDSON_HOME" value="/Users/humahmed1/.jenkins"/>
    <property name="PATH+MAVEN" value="/Users/humahmed1/.jenkins/tools/hudson.tasks.Maven_MavenInstallation/3.6.3/bin"/>
    <property name="java.vendor.url.bug" value="https://bugreport.java.com/bugreport/"/>
    <property name="BUILD_URL" value="http://localhost:8080/job/SubscriptionProject/6/"/>
    <property name="SSH_AUTH_SOCK" value="/private/tmp/com.apple.launchd.Wn5KJHrGdM/Listeners"/>
    <property name="os.arch" value="x86_64"/>
    <property name="__CF_USER_TEXT_ENCODING" value="0x1F5:0:2"/>
    <property name="user.dir" value="/Users/humahmed1/Documents/RestAPIProject/SubscriptionRestAPI"/>
    <property name="JOB_URL" value="http://localhost:8080/job/SubscriptionProject/"/>
    <property name="MAVEN_HOME" value="/Users/humahmed1/.jenkins/tools/hudson.tasks.Maven_MavenInstallation/3.6.3"/>
    <property name="line.separator" value="&#10;"/>
    <property name="java.vm.name" value="OpenJDK 64-Bit Server VM"/>
    <property name="BUILD_NUMBER" value="6"/>
    <property name="JENKINS_URL" value="http://localhost:8080/"/>
    <property name="GIT_BRANCH" value="origin/main"/>
    <property name="GIT_COMMIT" value="f63b39eb1051c9d1e3d4a17e849f683efa226388"/>
    <property name="file.encoding" value="UTF-8"/>
    <property name="maven3.interceptor" value="/Users/humahmed1/.jenkins/plugins/maven-plugin/WEB-INF/lib/maven35-interceptor-1.13.jar"/>
    <property name="WORKSPACE_TMP" value="/Users/humahmed1/.jenkins/workspace/SubscriptionProject@tmp"/>
    <property name="WORKSPACE" value="/Users/humahmed1/.jenkins/workspace/SubscriptionProject"/>
    <property name="maven3.interceptor.common" value="/Users/humahmed1/.jenkins/plugins/maven-plugin/WEB-INF/lib/maven3-interceptor-commons-1.13.jar"/>
    <property name="java.specification.version" value="15"/>
    <property name="USER" value="humahmed1"/>
    <property name="GIT_URL" value="https://github.com/humahmed1/SubscriptionRestAPI"/>
  </properties>
  <testcase name="A user gets all subscriptions" classname="subscription feature" time="3.136"/>
  <testcase name="A user gets a specific subscription" classname="subscription feature" time="0.031"/>
  <testcase name="A user posts a new subscription" classname="subscription feature" time="0.039"/>
  <testcase name="A user deletes a subscription" classname="subscription feature" time="0.046"/>
  <testcase name="A user updates a subscription" classname="subscription feature" time="0.019"/>
</testsuite>