<?xml version="1.0" encoding="UTF-8"?>
<testsuite xmlns:xsi="http://www.w3.org/2001/XMLSchema-instance" xsi:noNamespaceSchemaLocation="https://maven.apache.org/surefire/maven-surefire-plugin/xsd/surefire-test-report.xsd" name="com.example.project.SubscriptionControllerTest" time="9.795" tests="8" errors="0" skipped="0" failures="0">
  <properties>
    <property name="gopherProxySet" value="false"/>
    <property name="awt.toolkit" value="sun.lwawt.macosx.LWCToolkit"/>
    <property name="file.encoding.pkg" value="sun.io"/>
    <property name="java.specification.version" value="1.8"/>
    <property name="sun.cpu.isalist" value=""/>
    <property name="sun.jnu.encoding" value="UTF-8"/>
    <property name="java.class.path" value="/Users/humahmed1/Documents/RestAPIProject/SubscriptionRestAPI/target/test-classes:/Users/humahmed1/Documents/RestAPIProject/SubscriptionRestAPI/target/classes:/Users/humahmed1/.m2/repository/org/hamcrest/hamcrest-core/2.2/hamcrest-core-2.2.jar:/Users/humahmed1/.m2/repository/org/hamcrest/hamcrest/2.2/hamcrest-2.2.jar:/Users/humahmed1/.m2/repository/junit/junit/4.13.1/junit-4.13.1.jar:/Users/humahmed1/.m2/repository/org/springframework/boot/spring-boot-starter-data-jpa/2.4.0/spring-boot-starter-data-jpa-2.4.0.jar:/Users/humahmed1/.m2/repository/org/springframework/boot/spring-boot-starter-aop/2.4.0/spring-boot-starter-aop-2.4.0.jar:/Users/humahmed1/.m2/repository/org/springframework/spring-aop/5.3.1/spring-aop-5.3.1.jar:/Users/humahmed1/.m2/repository/org/aspectj/aspectjweaver/1.9.6/aspectjweaver-1.9.6.jar:/Users/humahmed1/.m2/repository/org/springframework/boot/spring-boot-starter-jdbc/2.4.0/spring-boot-starter-jdbc-2.4.0.jar:/Users/humahmed1/.m2/repository/com/zaxxer/HikariCP/3.4.5/HikariCP-3.4.5.jar:/Users/humahmed1/.m2/repository/org/springframework/spring-jdbc/5.3.1/spring-jdbc-5.3.1.jar:/Users/humahmed1/.m2/repository/jakarta/transaction/jakarta.transaction-api/1.3.3/jakarta.transaction-api-1.3.3.jar:/Users/humahmed1/.m2/repository/jakarta/persistence/jakarta.persistence-api/2.2.3/jakarta.persistence-api-2.2.3.jar:/Users/humahmed1/.m2/repository/org/hibernate/hibernate-core/5.4.23.Final/hibernate-core-5.4.23.Final.jar:/Users/humahmed1/.m2/repository/org/jboss/logging/jboss-logging/3.4.1.Final/jboss-logging-3.4.1.Final.jar:/Users/humahmed1/.m2/repository/org/javassist/javassist/3.24.0-GA/javassist-3.24.0-GA.jar:/Users/humahmed1/.m2/repository/antlr/antlr/2.7.7/antlr-2.7.7.jar:/Users/humahmed1/.m2/repository/org/jboss/jandex/2.1.3.Final/jandex-2.1.3.Final.jar:/Users/humahmed1/.m2/repository/com/fasterxml/classmate/1.5.1/classmate-1.5.1.jar:/Users/humahmed1/.m2/repository/org/dom4j/dom4j/2.1.3/dom4j-2.1.3.jar:/Users/humahmed1/.m2/repository/org/hibernate/common/hibernate-commons-annotations/5.1.2.Final/hibernate-commons-annotations-5.1.2.Final.jar:/Users/humahmed1/.m2/repository/org/glassfish/jaxb/jaxb-runtime/2.3.3/jaxb-runtime-2.3.3.jar:/Users/humahmed1/.m2/repository/org/glassfish/jaxb/txw2/2.3.3/txw2-2.3.3.jar:/Users/humahmed1/.m2/repository/com/sun/istack/istack-commons-runtime/3.0.11/istack-commons-runtime-3.0.11.jar:/Users/humahmed1/.m2/repository/com/sun/activation/jakarta.activation/1.2.2/jakarta.activation-1.2.2.jar:/Users/humahmed1/.m2/repository/org/springframework/data/spring-data-jpa/2.4.1/spring-data-jpa-2.4.1.jar:/Users/humahmed1/.m2/repository/org/springframework/data/spring-data-commons/2.4.1/spring-data-commons-2.4.1.jar:/Users/humahmed1/.m2/repository/org/springframework/spring-orm/5.3.1/spring-orm-5.3.1.jar:/Users/humahmed1/.m2/repository/org/springframework/spring-context/5.3.1/spring-context-5.3.1.jar:/Users/humahmed1/.m2/repository/org/springframework/spring-tx/5.3.1/spring-tx-5.3.1.jar:/Users/humahmed1/.m2/repository/org/springframework/spring-beans/5.3.1/spring-beans-5.3.1.jar:/Users/humahmed1/.m2/repository/org/springframework/spring-aspects/5.3.1/spring-aspects-5.3.1.jar:/Users/humahmed1/.m2/repository/org/mockito/mockito-core/3.6.0/mockito-core-3.6.0.jar:/Users/humahmed1/.m2/repository/net/bytebuddy/byte-buddy/1.10.18/byte-buddy-1.10.18.jar:/Users/humahmed1/.m2/repository/net/bytebuddy/byte-buddy-agent/1.10.18/byte-buddy-agent-1.10.18.jar:/Users/humahmed1/.m2/repository/org/objenesis/objenesis/3.1/objenesis-3.1.jar:/Users/humahmed1/.m2/repository/org/springframework/spring-test/5.3.1/spring-test-5.3.1.jar:/Users/humahmed1/.m2/repository/org/springframework/spring-core/5.3.1/spring-core-5.3.1.jar:/Users/humahmed1/.m2/repository/org/springframework/spring-jcl/5.3.1/spring-jcl-5.3.1.jar:/Users/humahmed1/.m2/repository/com/jayway/jsonpath/json-path/2.4.0/json-path-2.4.0.jar:/Users/humahmed1/.m2/repository/net/minidev/json-smart/2.3/json-smart-2.3.jar:/Users/humahmed1/.m2/repository/net/minidev/accessors-smart/1.2/accessors-smart-1.2.jar:/Users/humahmed1/.m2/repository/org/slf4j/slf4j-api/1.7.30/slf4j-api-1.7.30.jar:/Users/humahmed1/.m2/repository/org/springframework/boot/spring-boot-starter-web/2.4.0/spring-boot-starter-web-2.4.0.jar:/Users/humahmed1/.m2/repository/org/springframework/boot/spring-boot-starter/2.4.0/spring-boot-starter-2.4.0.jar:/Users/humahmed1/.m2/repository/org/springframework/boot/spring-boot-starter-logging/2.4.0/spring-boot-starter-logging-2.4.0.jar:/Users/humahmed1/.m2/repository/org/apache/logging/log4j/log4j-to-slf4j/2.13.3/log4j-to-slf4j-2.13.3.jar:/Users/humahmed1/.m2/repository/org/apache/logging/log4j/log4j-api/2.13.3/log4j-api-2.13.3.jar:/Users/humahmed1/.m2/repository/org/slf4j/jul-to-slf4j/1.7.30/jul-to-slf4j-1.7.30.jar:/Users/humahmed1/.m2/repository/jakarta/annotation/jakarta.annotation-api/1.3.5/jakarta.annotation-api-1.3.5.jar:/Users/humahmed1/.m2/repository/org/yaml/snakeyaml/1.27/snakeyaml-1.27.jar:/Users/humahmed1/.m2/repository/org/springframework/boot/spring-boot-starter-json/2.4.0/spring-boot-starter-json-2.4.0.jar:/Users/humahmed1/.m2/repository/com/fasterxml/jackson/core/jackson-databind/2.11.3/jackson-databind-2.11.3.jar:/Users/humahmed1/.m2/repository/com/fasterxml/jackson/core/jackson-annotations/2.11.3/jackson-annotations-2.11.3.jar:/Users/humahmed1/.m2/repository/com/fasterxml/jackson/core/jackson-core/2.11.3/jackson-core-2.11.3.jar:/Users/humahmed1/.m2/repository/com/fasterxml/jackson/datatype/jackson-datatype-jdk8/2.11.3/jackson-datatype-jdk8-2.11.3.jar:/Users/humahmed1/.m2/repository/com/fasterxml/jackson/datatype/jackson-datatype-jsr310/2.11.3/jackson-datatype-jsr310-2.11.3.jar:/Users/humahmed1/.m2/repository/com/fasterxml/jackson/module/jackson-module-parameter-names/2.11.3/jackson-module-parameter-names-2.11.3.jar:/Users/humahmed1/.m2/repository/org/springframework/boot/spring-boot-starter-tomcat/2.4.0/spring-boot-starter-tomcat-2.4.0.jar:/Users/humahmed1/.m2/repository/org/apache/tomcat/embed/tomcat-embed-core/9.0.39/tomcat-embed-core-9.0.39.jar:/Users/humahmed1/.m2/repository/org/glassfish/jakarta.el/3.0.3/jakarta.el-3.0.3.jar:/Users/humahmed1/.m2/repository/org/apache/tomcat/embed/tomcat-embed-websocket/9.0.39/tomcat-embed-websocket-9.0.39.jar:/Users/humahmed1/.m2/repository/org/springframework/spring-web/5.3.1/spring-web-5.3.1.jar:/Users/humahmed1/.m2/repository/org/springframework/spring-webmvc/5.3.1/spring-webmvc-5.3.1.jar:/Users/humahmed1/.m2/repository/org/springframework/spring-expression/5.3.1/spring-expression-5.3.1.jar:/Users/humahmed1/.m2/repository/org/springframework/boot/spring-boot-devtools/2.4.0/spring-boot-devtools-2.4.0.jar:/Users/humahmed1/.m2/repository/org/springframework/boot/spring-boot/2.4.0/spring-boot-2.4.0.jar:/Users/humahmed1/.m2/repository/org/springframework/boot/spring-boot-autoconfigure/2.4.0/spring-boot-autoconfigure-2.4.0.jar:/Users/humahmed1/.m2/repository/com/h2database/h2/1.4.200/h2-1.4.200.jar:/Users/humahmed1/.m2/repository/org/junit/jupiter/junit-jupiter-engine/5.6.0/junit-jupiter-engine-5.6.0.jar:/Users/humahmed1/.m2/repository/org/apiguardian/apiguardian-api/1.1.0/apiguardian-api-1.1.0.jar:/Users/humahmed1/.m2/repository/org/junit/platform/junit-platform-engine/1.7.0/junit-platform-engine-1.7.0.jar:/Users/humahmed1/.m2/repository/org/opentest4j/opentest4j/1.2.0/opentest4j-1.2.0.jar:/Users/humahmed1/.m2/repository/org/junit/platform/junit-platform-commons/1.7.0/junit-platform-commons-1.7.0.jar:/Users/humahmed1/.m2/repository/org/junit/jupiter/junit-jupiter-api/5.7.0/junit-jupiter-api-5.7.0.jar:/Users/humahmed1/.m2/repository/io/cucumber/cucumber-spring/6.0.0/cucumber-spring-6.0.0.jar:/Users/humahmed1/.m2/repository/io/cucumber/cucumber-core/6.0.0/cucumber-core-6.0.0.jar:/Users/humahmed1/.m2/repository/io/cucumber/cucumber-gherkin/6.0.0/cucumber-gherkin-6.0.0.jar:/Users/humahmed1/.m2/repository/io/cucumber/cucumber-gherkin-messages/6.0.0/cucumber-gherkin-messages-6.0.0.jar:/Users/humahmed1/.m2/repository/io/cucumber/messages/12.1.1/messages-12.1.1.jar:/Users/humahmed1/.m2/repository/io/cucumber/tag-expressions/2.0.4/tag-expressions-2.0.4.jar:/Users/humahmed1/.m2/repository/io/cucumber/cucumber-expressions/10.2.0/cucumber-expressions-10.2.0.jar:/Users/humahmed1/.m2/repository/io/cucumber/datatable/3.3.1/datatable-3.3.1.jar:/Users/humahmed1/.m2/repository/io/cucumber/cucumber-plugin/6.0.0/cucumber-plugin-6.0.0.jar:/Users/humahmed1/.m2/repository/io/cucumber/docstring/6.0.0/docstring-6.0.0.jar:/Users/humahmed1/.m2/repository/io/cucumber/html-formatter/6.0.2/html-formatter-6.0.2.jar:/Users/humahmed1/.m2/repository/io/cucumber/cucumber-java/6.0.0/cucumber-java-6.0.0.jar:/Users/humahmed1/.m2/repository/io/cucumber/cucumber-junit/6.0.0/cucumber-junit-6.0.0.jar:/Users/humahmed1/.m2/repository/io/cucumber/cucumber-jvm-deps/1.0.6/cucumber-jvm-deps-1.0.6.jar:/Users/humahmed1/.m2/repository/cglib/cglib/3.3.0/cglib-3.3.0.jar:/Users/humahmed1/.m2/repository/org/ow2/asm/asm/7.1/asm-7.1.jar:/Users/humahmed1/.m2/repository/com/aventstack/extentreports-cucumber4-adapter/1.0.12/extentreports-cucumber4-adapter-1.0.12.jar:/Users/humahmed1/.m2/repository/com/aventstack/extentreports/4.1.5/extentreports-4.1.5.jar:/Users/humahmed1/.m2/repository/org/freemarker/freemarker/2.3.30/freemarker-2.3.30.jar:/Users/humahmed1/.m2/repository/com/google/code/gson/gson/2.8.6/gson-2.8.6.jar:/Users/humahmed1/.m2/repository/org/mongodb/bson/4.1.1/bson-4.1.1.jar:/Users/humahmed1/.m2/repository/org/mongodb/mongodb-driver/3.3.0/mongodb-driver-3.3.0.jar:/Users/humahmed1/.m2/repository/org/mongodb/mongodb-driver-core/4.1.1/mongodb-driver-core-4.1.1.jar:/Users/humahmed1/.m2/repository/com/intuit/karate/karate-apache/0.9.6/karate-apache-0.9.6.jar:/Users/humahmed1/.m2/repository/com/intuit/karate/karate-core/0.9.6/karate-core-0.9.6.jar:/Users/humahmed1/.m2/repository/info/cukes/cucumber-java/1.2.5/cucumber-java-1.2.5.jar:/Users/humahmed1/.m2/repository/info/cukes/cucumber-core/1.2.5/cucumber-core-1.2.5.jar:/Users/humahmed1/.m2/repository/de/siegmar/fastcsv/1.0.3/fastcsv-1.0.3.jar:/Users/humahmed1/.m2/repository/info/picocli/picocli/4.0.3/picocli-4.0.3.jar:/Users/humahmed1/.m2/repository/org/apache/httpcomponents/httpclient/4.5.13/httpclient-4.5.13.jar:/Users/humahmed1/.m2/repository/org/apache/httpcomponents/httpcore/4.4.13/httpcore-4.4.13.jar:/Users/humahmed1/.m2/repository/commons-codec/commons-codec/1.15/commons-codec-1.15.jar:/Users/humahmed1/.m2/repository/org/apache/httpcomponents/httpmime/4.5.13/httpmime-4.5.13.jar:/Users/humahmed1/.m2/repository/org/slf4j/jcl-over-slf4j/1.7.30/jcl-over-slf4j-1.7.30.jar:/Users/humahmed1/.m2/repository/ch/qos/logback/logback-classic/1.2.3/logback-classic-1.2.3.jar:/Users/humahmed1/.m2/repository/ch/qos/logback/logback-core/1.2.3/logback-core-1.2.3.jar:/Users/humahmed1/.m2/repository/com/intuit/karate/karate-junit4/0.9.6/karate-junit4-0.9.6.jar:/Users/humahmed1/.m2/repository/org/springframework/boot/spring-boot-starter-test/2.4.0/spring-boot-starter-test-2.4.0.jar:/Users/humahmed1/.m2/repository/org/springframework/boot/spring-boot-test/2.4.0/spring-boot-test-2.4.0.jar:/Users/humahmed1/.m2/repository/org/springframework/boot/spring-boot-test-autoconfigure/2.4.0/spring-boot-test-autoconfigure-2.4.0.jar:/Users/humahmed1/.m2/repository/jakarta/xml/bind/jakarta.xml.bind-api/2.3.3/jakarta.xml.bind-api-2.3.3.jar:/Users/humahmed1/.m2/repository/jakarta/activation/jakarta.activation-api/1.2.2/jakarta.activation-api-1.2.2.jar:/Users/humahmed1/.m2/repository/org/assertj/assertj-core/3.18.1/assertj-core-3.18.1.jar:/Users/humahmed1/.m2/repository/org/junit/jupiter/junit-jupiter/5.7.0/junit-jupiter-5.7.0.jar:/Users/humahmed1/.m2/repository/org/junit/jupiter/junit-jupiter-params/5.7.0/junit-jupiter-params-5.7.0.jar:/Users/humahmed1/.m2/repository/org/mockito/mockito-junit-jupiter/3.6.0/mockito-junit-jupiter-3.6.0.jar:/Users/humahmed1/.m2/repository/org/skyscreamer/jsonassert/1.5.0/jsonassert-1.5.0.jar:/Users/humahmed1/.m2/repository/com/vaadin/external/google/android-json/0.0.20131108.vaadin1/android-json-0.0.20131108.vaadin1.jar:/Users/humahmed1/.m2/repository/org/xmlunit/xmlunit-core/2.7.0/xmlunit-core-2.7.0.jar:"/>
    <property name="java.vm.vendor" value="Amazon.com Inc."/>
    <property name="sun.arch.data.model" value="64"/>
    <property name="java.vendor.url" value="https://aws.amazon.com/corretto/"/>
    <property name="user.timezone" value=""/>
    <property name="java.vm.specification.version" value="1.8"/>
    <property name="os.name" value="Mac OS X"/>
    <property name="user.country" value="GB"/>
    <property name="sun.java.launcher" value="SUN_STANDARD"/>
    <property name="sun.boot.library.path" value="/Users/humahmed1/Library/Java/JavaVirtualMachines/corretto-1.8.0_275/Contents/Home/jre/lib"/>
    <property name="sun.java.command" value="/Users/humahmed1/Documents/RestAPIProject/SubscriptionRestAPI/target/surefire/surefirebooter7641294050459508898.jar /Users/humahmed1/Documents/RestAPIProject/SubscriptionRestAPI/target/surefire 2020-12-25T01-48-11_779-jvmRun1 surefire6969884177440458480tmp surefire_02265034635021520942tmp"/>
    <property name="http.nonProxyHosts" value="local|*.local|169.254/16|*.169.254/16"/>
    <property name="surefire.test.class.path" value="/Users/humahmed1/Documents/RestAPIProject/SubscriptionRestAPI/target/test-classes:/Users/humahmed1/Documents/RestAPIProject/SubscriptionRestAPI/target/classes:/Users/humahmed1/.m2/repository/org/hamcrest/hamcrest-core/2.2/hamcrest-core-2.2.jar:/Users/humahmed1/.m2/repository/org/hamcrest/hamcrest/2.2/hamcrest-2.2.jar:/Users/humahmed1/.m2/repository/junit/junit/4.13.1/junit-4.13.1.jar:/Users/humahmed1/.m2/repository/org/springframework/boot/spring-boot-starter-data-jpa/2.4.0/spring-boot-starter-data-jpa-2.4.0.jar:/Users/humahmed1/.m2/repository/org/springframework/boot/spring-boot-starter-aop/2.4.0/spring-boot-starter-aop-2.4.0.jar:/Users/humahmed1/.m2/repository/org/springframework/spring-aop/5.3.1/spring-aop-5.3.1.jar:/Users/humahmed1/.m2/repository/org/aspectj/aspectjweaver/1.9.6/aspectjweaver-1.9.6.jar:/Users/humahmed1/.m2/repository/org/springframework/boot/spring-boot-starter-jdbc/2.4.0/spring-boot-starter-jdbc-2.4.0.jar:/Users/humahmed1/.m2/repository/com/zaxxer/HikariCP/3.4.5/HikariCP-3.4.5.jar:/Users/humahmed1/.m2/repository/org/springframework/spring-jdbc/5.3.1/spring-jdbc-5.3.1.jar:/Users/humahmed1/.m2/repository/jakarta/transaction/jakarta.transaction-api/1.3.3/jakarta.transaction-api-1.3.3.jar:/Users/humahmed1/.m2/repository/jakarta/persistence/jakarta.persistence-api/2.2.3/jakarta.persistence-api-2.2.3.jar:/Users/humahmed1/.m2/repository/org/hibernate/hibernate-core/5.4.23.Final/hibernate-core-5.4.23.Final.jar:/Users/humahmed1/.m2/repository/org/jboss/logging/jboss-logging/3.4.1.Final/jboss-logging-3.4.1.Final.jar:/Users/humahmed1/.m2/repository/org/javassist/javassist/3.24.0-GA/javassist-3.24.0-GA.jar:/Users/humahmed1/.m2/repository/antlr/antlr/2.7.7/antlr-2.7.7.jar:/Users/humahmed1/.m2/repository/org/jboss/jandex/2.1.3.Final/jandex-2.1.3.Final.jar:/Users/humahmed1/.m2/repository/com/fasterxml/classmate/1.5.1/classmate-1.5.1.jar:/Users/humahmed1/.m2/repository/org/dom4j/dom4j/2.1.3/dom4j-2.1.3.jar:/Users/humahmed1/.m2/repository/org/hibernate/common/hibernate-commons-annotations/5.1.2.Final/hibernate-commons-annotations-5.1.2.Final.jar:/Users/humahmed1/.m2/repository/org/glassfish/jaxb/jaxb-runtime/2.3.3/jaxb-runtime-2.3.3.jar:/Users/humahmed1/.m2/repository/org/glassfish/jaxb/txw2/2.3.3/txw2-2.3.3.jar:/Users/humahmed1/.m2/repository/com/sun/istack/istack-commons-runtime/3.0.11/istack-commons-runtime-3.0.11.jar:/Users/humahmed1/.m2/repository/com/sun/activation/jakarta.activation/1.2.2/jakarta.activation-1.2.2.jar:/Users/humahmed1/.m2/repository/org/springframework/data/spring-data-jpa/2.4.1/spring-data-jpa-2.4.1.jar:/Users/humahmed1/.m2/repository/org/springframework/data/spring-data-commons/2.4.1/spring-data-commons-2.4.1.jar:/Users/humahmed1/.m2/repository/org/springframework/spring-orm/5.3.1/spring-orm-5.3.1.jar:/Users/humahmed1/.m2/repository/org/springframework/spring-context/5.3.1/spring-context-5.3.1.jar:/Users/humahmed1/.m2/repository/org/springframework/spring-tx/5.3.1/spring-tx-5.3.1.jar:/Users/humahmed1/.m2/repository/org/springframework/spring-beans/5.3.1/spring-beans-5.3.1.jar:/Users/humahmed1/.m2/repository/org/springframework/spring-aspects/5.3.1/spring-aspects-5.3.1.jar:/Users/humahmed1/.m2/repository/org/mockito/mockito-core/3.6.0/mockito-core-3.6.0.jar:/Users/humahmed1/.m2/repository/net/bytebuddy/byte-buddy/1.10.18/byte-buddy-1.10.18.jar:/Users/humahmed1/.m2/repository/net/bytebuddy/byte-buddy-agent/1.10.18/byte-buddy-agent-1.10.18.jar:/Users/humahmed1/.m2/repository/org/objenesis/objenesis/3.1/objenesis-3.1.jar:/Users/humahmed1/.m2/repository/org/springframework/spring-test/5.3.1/spring-test-5.3.1.jar:/Users/humahmed1/.m2/repository/org/springframework/spring-core/5.3.1/spring-core-5.3.1.jar:/Users/humahmed1/.m2/repository/org/springframework/spring-jcl/5.3.1/spring-jcl-5.3.1.jar:/Users/humahmed1/.m2/repository/com/jayway/jsonpath/json-path/2.4.0/json-path-2.4.0.jar:/Users/humahmed1/.m2/repository/net/minidev/json-smart/2.3/json-smart-2.3.jar:/Users/humahmed1/.m2/repository/net/minidev/accessors-smart/1.2/accessors-smart-1.2.jar:/Users/humahmed1/.m2/repository/org/slf4j/slf4j-api/1.7.30/slf4j-api-1.7.30.jar:/Users/humahmed1/.m2/repository/org/springframework/boot/spring-boot-starter-web/2.4.0/spring-boot-starter-web-2.4.0.jar:/Users/humahmed1/.m2/repository/org/springframework/boot/spring-boot-starter/2.4.0/spring-boot-starter-2.4.0.jar:/Users/humahmed1/.m2/repository/org/springframework/boot/spring-boot-starter-logging/2.4.0/spring-boot-starter-logging-2.4.0.jar:/Users/humahmed1/.m2/repository/org/apache/logging/log4j/log4j-to-slf4j/2.13.3/log4j-to-slf4j-2.13.3.jar:/Users/humahmed1/.m2/repository/org/apache/logging/log4j/log4j-api/2.13.3/log4j-api-2.13.3.jar:/Users/humahmed1/.m2/repository/org/slf4j/jul-to-slf4j/1.7.30/jul-to-slf4j-1.7.30.jar:/Users/humahmed1/.m2/repository/jakarta/annotation/jakarta.annotation-api/1.3.5/jakarta.annotation-api-1.3.5.jar:/Users/humahmed1/.m2/repository/org/yaml/snakeyaml/1.27/snakeyaml-1.27.jar:/Users/humahmed1/.m2/repository/org/springframework/boot/spring-boot-starter-json/2.4.0/spring-boot-starter-json-2.4.0.jar:/Users/humahmed1/.m2/repository/com/fasterxml/jackson/core/jackson-databind/2.11.3/jackson-databind-2.11.3.jar:/Users/humahmed1/.m2/repository/com/fasterxml/jackson/core/jackson-annotations/2.11.3/jackson-annotations-2.11.3.jar:/Users/humahmed1/.m2/repository/com/fasterxml/jackson/core/jackson-core/2.11.3/jackson-core-2.11.3.jar:/Users/humahmed1/.m2/repository/com/fasterxml/jackson/datatype/jackson-datatype-jdk8/2.11.3/jackson-datatype-jdk8-2.11.3.jar:/Users/humahmed1/.m2/repository/com/fasterxml/jackson/datatype/jackson-datatype-jsr310/2.11.3/jackson-datatype-jsr310-2.11.3.jar:/Users/humahmed1/.m2/repository/com/fasterxml/jackson/module/jackson-module-parameter-names/2.11.3/jackson-module-parameter-names-2.11.3.jar:/Users/humahmed1/.m2/repository/org/springframework/boot/spring-boot-starter-tomcat/2.4.0/spring-boot-starter-tomcat-2.4.0.jar:/Users/humahmed1/.m2/repository/org/apache/tomcat/embed/tomcat-embed-core/9.0.39/tomcat-embed-core-9.0.39.jar:/Users/humahmed1/.m2/repository/org/glassfish/jakarta.el/3.0.3/jakarta.el-3.0.3.jar:/Users/humahmed1/.m2/repository/org/apache/tomcat/embed/tomcat-embed-websocket/9.0.39/tomcat-embed-websocket-9.0.39.jar:/Users/humahmed1/.m2/repository/org/springframework/spring-web/5.3.1/spring-web-5.3.1.jar:/Users/humahmed1/.m2/repository/org/springframework/spring-webmvc/5.3.1/spring-webmvc-5.3.1.jar:/Users/humahmed1/.m2/repository/org/springframework/spring-expression/5.3.1/spring-expression-5.3.1.jar:/Users/humahmed1/.m2/repository/org/springframework/boot/spring-boot-devtools/2.4.0/spring-boot-devtools-2.4.0.jar:/Users/humahmed1/.m2/repository/org/springframework/boot/spring-boot/2.4.0/spring-boot-2.4.0.jar:/Users/humahmed1/.m2/repository/org/springframework/boot/spring-boot-autoconfigure/2.4.0/spring-boot-autoconfigure-2.4.0.jar:/Users/humahmed1/.m2/repository/com/h2database/h2/1.4.200/h2-1.4.200.jar:/Users/humahmed1/.m2/repository/org/junit/jupiter/junit-jupiter-engine/5.6.0/junit-jupiter-engine-5.6.0.jar:/Users/humahmed1/.m2/repository/org/apiguardian/apiguardian-api/1.1.0/apiguardian-api-1.1.0.jar:/Users/humahmed1/.m2/repository/org/junit/platform/junit-platform-engine/1.7.0/junit-platform-engine-1.7.0.jar:/Users/humahmed1/.m2/repository/org/opentest4j/opentest4j/1.2.0/opentest4j-1.2.0.jar:/Users/humahmed1/.m2/repository/org/junit/platform/junit-platform-commons/1.7.0/junit-platform-commons-1.7.0.jar:/Users/humahmed1/.m2/repository/org/junit/jupiter/junit-jupiter-api/5.7.0/junit-jupiter-api-5.7.0.jar:/Users/humahmed1/.m2/repository/io/cucumber/cucumber-spring/6.0.0/cucumber-spring-6.0.0.jar:/Users/humahmed1/.m2/repository/io/cucumber/cucumber-core/6.0.0/cucumber-core-6.0.0.jar:/Users/humahmed1/.m2/repository/io/cucumber/cucumber-gherkin/6.0.0/cucumber-gherkin-6.0.0.jar:/Users/humahmed1/.m2/repository/io/cucumber/cucumber-gherkin-messages/6.0.0/cucumber-gherkin-messages-6.0.0.jar:/Users/humahmed1/.m2/repository/io/cucumber/messages/12.1.1/messages-12.1.1.jar:/Users/humahmed1/.m2/repository/io/cucumber/tag-expressions/2.0.4/tag-expressions-2.0.4.jar:/Users/humahmed1/.m2/repository/io/cucumber/cucumber-expressions/10.2.0/cucumber-expressions-10.2.0.jar:/Users/humahmed1/.m2/repository/io/cucumber/datatable/3.3.1/datatable-3.3.1.jar:/Users/humahmed1/.m2/repository/io/cucumber/cucumber-plugin/6.0.0/cucumber-plugin-6.0.0.jar:/Users/humahmed1/.m2/repository/io/cucumber/docstring/6.0.0/docstring-6.0.0.jar:/Users/humahmed1/.m2/repository/io/cucumber/html-formatter/6.0.2/html-formatter-6.0.2.jar:/Users/humahmed1/.m2/repository/io/cucumber/cucumber-java/6.0.0/cucumber-java-6.0.0.jar:/Users/humahmed1/.m2/repository/io/cucumber/cucumber-junit/6.0.0/cucumber-junit-6.0.0.jar:/Users/humahmed1/.m2/repository/io/cucumber/cucumber-jvm-deps/1.0.6/cucumber-jvm-deps-1.0.6.jar:/Users/humahmed1/.m2/repository/cglib/cglib/3.3.0/cglib-3.3.0.jar:/Users/humahmed1/.m2/repository/org/ow2/asm/asm/7.1/asm-7.1.jar:/Users/humahmed1/.m2/repository/com/aventstack/extentreports-cucumber4-adapter/1.0.12/extentreports-cucumber4-adapter-1.0.12.jar:/Users/humahmed1/.m2/repository/com/aventstack/extentreports/4.1.5/extentreports-4.1.5.jar:/Users/humahmed1/.m2/repository/org/freemarker/freemarker/2.3.30/freemarker-2.3.30.jar:/Users/humahmed1/.m2/repository/com/google/code/gson/gson/2.8.6/gson-2.8.6.jar:/Users/humahmed1/.m2/repository/org/mongodb/bson/4.1.1/bson-4.1.1.jar:/Users/humahmed1/.m2/repository/org/mongodb/mongodb-driver/3.3.0/mongodb-driver-3.3.0.jar:/Users/humahmed1/.m2/repository/org/mongodb/mongodb-driver-core/4.1.1/mongodb-driver-core-4.1.1.jar:/Users/humahmed1/.m2/repository/com/intuit/karate/karate-apache/0.9.6/karate-apache-0.9.6.jar:/Users/humahmed1/.m2/repository/com/intuit/karate/karate-core/0.9.6/karate-core-0.9.6.jar:/Users/humahmed1/.m2/repository/info/cukes/cucumber-java/1.2.5/cucumber-java-1.2.5.jar:/Users/humahmed1/.m2/repository/info/cukes/cucumber-core/1.2.5/cucumber-core-1.2.5.jar:/Users/humahmed1/.m2/repository/de/siegmar/fastcsv/1.0.3/fastcsv-1.0.3.jar:/Users/humahmed1/.m2/repository/info/picocli/picocli/4.0.3/picocli-4.0.3.jar:/Users/humahmed1/.m2/repository/org/apache/httpcomponents/httpclient/4.5.13/httpclient-4.5.13.jar:/Users/humahmed1/.m2/repository/org/apache/httpcomponents/httpcore/4.4.13/httpcore-4.4.13.jar:/Users/humahmed1/.m2/repository/commons-codec/commons-codec/1.15/commons-codec-1.15.jar:/Users/humahmed1/.m2/repository/org/apache/httpcomponents/httpmime/4.5.13/httpmime-4.5.13.jar:/Users/humahmed1/.m2/repository/org/slf4j/jcl-over-slf4j/1.7.30/jcl-over-slf4j-1.7.30.jar:/Users/humahmed1/.m2/repository/ch/qos/logback/logback-classic/1.2.3/logback-classic-1.2.3.jar:/Users/humahmed1/.m2/repository/ch/qos/logback/logback-core/1.2.3/logback-core-1.2.3.jar:/Users/humahmed1/.m2/repository/com/intuit/karate/karate-junit4/0.9.6/karate-junit4-0.9.6.jar:/Users/humahmed1/.m2/repository/org/springframework/boot/spring-boot-starter-test/2.4.0/spring-boot-starter-test-2.4.0.jar:/Users/humahmed1/.m2/repository/org/springframework/boot/spring-boot-test/2.4.0/spring-boot-test-2.4.0.jar:/Users/humahmed1/.m2/repository/org/springframework/boot/spring-boot-test-autoconfigure/2.4.0/spring-boot-test-autoconfigure-2.4.0.jar:/Users/humahmed1/.m2/repository/jakarta/xml/bind/jakarta.xml.bind-api/2.3.3/jakarta.xml.bind-api-2.3.3.jar:/Users/humahmed1/.m2/repository/jakarta/activation/jakarta.activation-api/1.2.2/jakarta.activation-api-1.2.2.jar:/Users/humahmed1/.m2/repository/org/assertj/assertj-core/3.18.1/assertj-core-3.18.1.jar:/Users/humahmed1/.m2/repository/org/junit/jupiter/junit-jupiter/5.7.0/junit-jupiter-5.7.0.jar:/Users/humahmed1/.m2/repository/org/junit/jupiter/junit-jupiter-params/5.7.0/junit-jupiter-params-5.7.0.jar:/Users/humahmed1/.m2/repository/org/mockito/mockito-junit-jupiter/3.6.0/mockito-junit-jupiter-3.6.0.jar:/Users/humahmed1/.m2/repository/org/skyscreamer/jsonassert/1.5.0/jsonassert-1.5.0.jar:/Users/humahmed1/.m2/repository/com/vaadin/external/google/android-json/0.0.20131108.vaadin1/android-json-0.0.20131108.vaadin1.jar:/Users/humahmed1/.m2/repository/org/xmlunit/xmlunit-core/2.7.0/xmlunit-core-2.7.0.jar:"/>
    <property name="sun.cpu.endian" value="little"/>
    <property name="user.home" value="/Users/humahmed1"/>
    <property name="user.language" value="en"/>
    <property name="java.specification.vendor" value="Oracle Corporation"/>
    <property name="java.home" value="/Users/humahmed1/Library/Java/JavaVirtualMachines/corretto-1.8.0_275/Contents/Home/jre"/>
    <property name="basedir" value="/Users/humahmed1/Documents/RestAPIProject/SubscriptionRestAPI"/>
    <property name="file.separator" value="/"/>
    <property name="line.separator" value="&#10;"/>
    <property name="java.vm.specification.vendor" value="Oracle Corporation"/>
    <property name="java.specification.name" value="Java Platform API Specification"/>
    <property name="java.awt.graphicsenv" value="sun.awt.CGraphicsEnvironment"/>
    <property name="surefire.real.class.path" value="/Users/humahmed1/Documents/RestAPIProject/SubscriptionRestAPI/target/surefire/surefirebooter7641294050459508898.jar"/>
    <property name="sun.boot.class.path" value="/Users/humahmed1/Library/Java/JavaVirtualMachines/corretto-1.8.0_275/Contents/Home/jre/lib/resources.jar:/Users/humahmed1/Library/Java/JavaVirtualMachines/corretto-1.8.0_275/Contents/Home/jre/lib/rt.jar:/Users/humahmed1/Library/Java/JavaVirtualMachines/corretto-1.8.0_275/Contents/Home/jre/lib/sunrsasign.jar:/Users/humahmed1/Library/Java/JavaVirtualMachines/corretto-1.8.0_275/Contents/Home/jre/lib/jsse.jar:/Users/humahmed1/Library/Java/JavaVirtualMachines/corretto-1.8.0_275/Contents/Home/jre/lib/jce.jar:/Users/humahmed1/Library/Java/JavaVirtualMachines/corretto-1.8.0_275/Contents/Home/jre/lib/charsets.jar:/Users/humahmed1/Library/Java/JavaVirtualMachines/corretto-1.8.0_275/Contents/Home/jre/lib/jfr.jar:/Users/humahmed1/Library/Java/JavaVirtualMachines/corretto-1.8.0_275/Contents/Home/jre/classes"/>
    <property name="sun.management.compiler" value="HotSpot 64-Bit Tiered Compilers"/>
    <property name="ftp.nonProxyHosts" value="local|*.local|169.254/16|*.169.254/16"/>
    <property name="java.runtime.version" value="1.8.0_275-b01"/>
    <property name="user.name" value="humahmed1"/>
    <property name="path.separator" value=":"/>
    <property name="os.version" value="10.15.7"/>
    <property name="java.endorsed.dirs" value="/Users/humahmed1/Library/Java/JavaVirtualMachines/corretto-1.8.0_275/Contents/Home/jre/lib/endorsed"/>
    <property name="java.runtime.name" value="OpenJDK Runtime Environment"/>
    <property name="file.encoding" value="UTF-8"/>
    <property name="java.vm.name" value="OpenJDK 64-Bit Server VM"/>
    <property name="localRepository" value="/Users/humahmed1/.m2/repository"/>
    <property name="java.vendor.url.bug" value="https://github.com/corretto/corretto-8/issues/"/>
    <property name="java.io.tmpdir" value="/var/folders/j9/j9jhq7216h77v3z8pf8szxz40000gn/T/"/>
    <property name="idea.version" value="2020.3"/>
    <property name="java.version" value="1.8.0_275"/>
    <property name="user.dir" value="/Users/humahmed1/Documents/RestAPIProject/SubscriptionRestAPI"/>
    <property name="os.arch" value="x86_64"/>
    <property name="java.vm.specification.name" value="Java Virtual Machine Specification"/>
    <property name="java.awt.printerjob" value="sun.lwawt.macosx.CPrinterJob"/>
    <property name="sun.os.patch.level" value="unknown"/>
    <property name="java.library.path" value="/Users/humahmed1/Library/Java/Extensions:/Library/Java/Extensions:/Network/Library/Java/Extensions:/System/Library/Java/Extensions:/usr/lib/java:."/>
    <property name="java.vm.info" value="mixed mode"/>
    <property name="java.vendor" value="Amazon.com Inc."/>
    <property name="java.vm.version" value="25.275-b01"/>
    <property name="java.ext.dirs" value="/Users/humahmed1/Library/Java/Extensions:/Users/humahmed1/Library/Java/JavaVirtualMachines/corretto-1.8.0_275/Contents/Home/jre/lib/ext:/Library/Java/Extensions:/Network/Library/Java/Extensions:/System/Library/Java/Extensions:/usr/lib/java"/>
    <property name="sun.io.unicode.encoding" value="UnicodeBig"/>
    <property name="java.class.version" value="52.0"/>
    <property name="socksNonProxyHosts" value="local|*.local|169.254/16|*.169.254/16"/>
  </properties>
  <testcase name="subDeleteTest" classname="com.example.project.SubscriptionControllerTest" time="1.153"/>
  <testcase name="subPutTest" classname="com.example.project.SubscriptionControllerTest" time="0.902"/>
  <testcase name="subGetTest" classname="com.example.project.SubscriptionControllerTest" time="0.741"/>
  <testcase name="subPutNegTest" classname="com.example.project.SubscriptionControllerTest" time="0.703"/>
  <testcase name="subGetNegTest" classname="com.example.project.SubscriptionControllerTest" time="0.553"/>
  <testcase name="subGetAllTest" classname="com.example.project.SubscriptionControllerTest" time="0.757"/>
  <testcase name="subDeleteNegTest" classname="com.example.project.SubscriptionControllerTest" time="0.667"/>
  <testcase name="subPostTest" classname="com.example.project.SubscriptionControllerTest" time="0.531"/>
</testsuite>